apg
apt-transport-https
aws-okta
build-essential
calibre
code
curl
deepin-icon-theme
docker-ce
docker-ce-cli
emacs
file
gimp
gimp-data-extras
gimp-help-en
git
git-big-picture
google-chrome-stable
google-drive-ocamlfuse
groff
gtk-theme-switch
gtk2-engines-pixbuf
gtk3-engines-xfce
imagemagick
inetutils-ping
inkscape
keepassxc
linuxbrew-wrapper
less
make
man
manpages
metacity-themes
mlterm
nano
net-tools
nmap
nodejs
nodejs-doc
notable
openclipart
openclipart-libreoffice
openssh-client
openssh-server
pandoc
pwgen
runit
silversearcher-ag
software-properties-common
sshfs
sshuttle
synaptic
terminator
tini
vacation
vim
wamerican
wget
xfvwm4-themes
x2goserver
x2goserver-xsession
zsh
zsh-doc
